
19:07:58.701 [info] Loading 148 CA(s) from :otp store

19:07:58.735 [notice] Application next_ls exited: NextLS.Application.start(:normal, []) returned an error: shutdown: failed to start child: NextLS.LSPSupervisor
    ** (EXIT) shutdown: failed to start child: NextLS
        ** (EXIT) an exception was raised:
            ** (ErlangError) Erlang error: :enoent
                (elixir 1.17.2) lib/system.ex:1114: System.cmd("elixir", ["--short-version"], [])
                (next_ls 0.23.2) lib/next_ls.ex:47: NextLS.init/2
                (gen_lsp 0.10.0) lib/gen_lsp.ex:201: GenLSP.init/1
                (stdlib 6.0) proc_lib.erl:329: :proc_lib.init_p_do_apply/3

19:08:13.822 [info] Loading 148 CA(s) from :otp store

19:08:13.842 [notice] Application next_ls exited: NextLS.Application.start(:normal, []) returned an error: shutdown: failed to start child: NextLS.LSPSupervisor
    ** (EXIT) shutdown: failed to start child: NextLS
        ** (EXIT) an exception was raised:
            ** (ErlangError) Erlang error: :enoent
                (elixir 1.17.2) lib/system.ex:1114: System.cmd("elixir", ["--short-version"], [])
                (next_ls 0.23.2) lib/next_ls.ex:47: NextLS.init/2
                (gen_lsp 0.10.0) lib/gen_lsp.ex:201: GenLSP.init/1
                (stdlib 6.0) proc_lib.erl:329: :proc_lib.init_p_do_apply/3

17:18:08.473 [info] Loading 148 CA(s) from :otp store

17:18:08.494 [notice] Application next_ls exited: NextLS.Application.start(:normal, []) returned an error: shutdown: failed to start child: NextLS.LSPSupervisor
    ** (EXIT) shutdown: failed to start child: NextLS
        ** (EXIT) an exception was raised:
            ** (ErlangError) Erlang error: :enoent
                (elixir 1.17.2) lib/system.ex:1114: System.cmd("elixir", ["--short-version"], [])
                (next_ls 0.23.2) lib/next_ls.ex:47: NextLS.init/2
                (gen_lsp 0.10.0) lib/gen_lsp.ex:201: GenLSP.init/1
                (stdlib 6.0) proc_lib.erl:329: :proc_lib.init_p_do_apply/3
